ç›®æ ‡ GPU: 0
CUDA å¯ç”¨ï¼ŒGPU æ•°é‡: 1
å°†ä½¿ç”¨ GPU: 0

å¤„ç†åœºæ™¯: /mnt/parallel/GIDigitalTwinBench/IdealSelf/LovinkDialogue
æ¨¡å‹: /mnt/parallel/models/Qwen3-30B-A3B-Instruct-2507
é…ç½®: profile=True, history=True, context=True
æµ‹è¯•æ ·æœ¬æ•°: 126
æ•°æ®åˆ†ç‰‡ 5/8: å¤„ç†æ ·æœ¬ 75 åˆ° 90 (å…± 15 ä¸ªæ ·æœ¬)
âœ… æˆåŠŸå°† 7736 ä¸ªæ ·æœ¬ä¿å­˜è‡³: /data/lingyu.li/parallel-post-train/ablation/sample_results/extracted_samples.jsonl
è®­ç»ƒæ ·æœ¬æ•°: 7736
ä½¿ç”¨ vLLM åŠ é€Ÿæ¨ç†...
ä½¿ç”¨ç¯å¢ƒå˜é‡ CUDA_VISIBLE_DEVICES=5
å¯è§GPUæ•°é‡: 1
GPU 0: NVIDIA H200, æ€»å†…å­˜: 139.80 GB, å¯ç”¨å†…å­˜: 139.80 GB
vLLMé…ç½®: gpu_memory_utilization=0.85, max_model_len=2048
åˆå§‹åŒ– vLLM å¼•æ“...
INFO 01-22 15:58:31 [utils.py:263] non-default args: {'trust_remote_code': True, 'dtype': 'bfloat16', 'max_model_len': 2048, 'gpu_memory_utilization': 0.85, 'disable_log_stats': True, 'model': '/mnt/parallel/models/Qwen3-30B-A3B-Instruct-2507'}
The argument `trust_remote_code` is to be used with Auto classes. It has no effect here and is ignored.
The argument `trust_remote_code` is to be used with Auto classes. It has no effect here and is ignored.
INFO 01-22 15:58:31 [model.py:530] Resolved architecture: Qwen3MoeForCausalLM
INFO 01-22 15:58:31 [model.py:1545] Using max model len 2048
INFO 01-22 15:58:32 [scheduler.py:229] Chunked prefill is enabled with max_num_batched_tokens=16384.
INFO 01-22 15:58:32 [vllm.py:630] Asynchronous scheduling is enabled.
INFO 01-22 15:58:32 [vllm.py:637] Disabling NCCL for DP synchronization when using async scheduling.
WARNING 01-22 15:58:32 [system_utils.py:136] We must use the `spawn` multiprocessing start method. Overriding VLLM_WORKER_MULTIPROC_METHOD to 'spawn'. See https://docs.vllm.ai/en/latest/usage/troubleshooting.html#python-multiprocessing for more information. Reasons: CUDA is initialized
[0;36m(EngineCore_DP0 pid=299258)[0;0m INFO 01-22 15:58:42 [core.py:97] Initializing a V1 LLM engine (v0.14.0) with config: model='/mnt/parallel/models/Qwen3-30B-A3B-Instruct-2507', speculative_config=None, tokenizer='/mnt/parallel/models/Qwen3-30B-A3B-Instruct-2507', skip_tokenizer_init=False, tokenizer_mode=auto, revision=None, tokenizer_revision=None, trust_remote_code=True, dtype=torch.bfloat16, max_seq_len=2048, download_dir=None, load_format=auto, tensor_parallel_size=1, pipeline_parallel_size=1, data_parallel_size=1, disable_custom_all_reduce=False, quantization=None, enforce_eager=False, enable_return_routed_experts=False, kv_cache_dtype=auto, device_config=cuda, structured_outputs_config=StructuredOutputsConfig(backend='auto', disable_fallback=False, disable_any_whitespace=False, disable_additional_properties=False, reasoning_parser='', reasoning_parser_plugin='', enable_in_reasoning=False), observability_config=ObservabilityConfig(show_hidden_metrics_for_version=None, otlp_traces_endpoint=None, collect_detailed_traces=None, kv_cache_metrics=False, kv_cache_metrics_sample=0.01, cudagraph_metrics=False, enable_layerwise_nvtx_tracing=False, enable_mfu_metrics=False, enable_mm_processor_stats=False, enable_logging_iteration_details=False), seed=0, served_model_name=/mnt/parallel/models/Qwen3-30B-A3B-Instruct-2507, enable_prefix_caching=True, enable_chunked_prefill=True, pooler_config=None, compilation_config={'level': None, 'mode': <CompilationMode.VLLM_COMPILE: 3>, 'debug_dump_path': None, 'cache_dir': '', 'compile_cache_save_format': 'binary', 'backend': 'inductor', 'custom_ops': ['none'], 'splitting_ops': ['vllm::unified_attention', 'vllm::unified_attention_with_output', 'vllm::unified_mla_attention', 'vllm::unified_mla_attention_with_output', 'vllm::mamba_mixer2', 'vllm::mamba_mixer', 'vllm::short_conv', 'vllm::linear_attention', 'vllm::plamo2_mamba_mixer', 'vllm::gdn_attention_core', 'vllm::kda_attention', 'vllm::sparse_attn_indexer'], 'compile_mm_encoder': False, 'compile_sizes': [], 'compile_ranges_split_points': [16384], 'inductor_compile_config': {'enable_auto_functionalized_v2': False, 'combo_kernels': True, 'benchmark_combo_kernel': True}, 'inductor_passes': {}, 'cudagraph_mode': <CUDAGraphMode.FULL_AND_PIECEWISE: (2, 1)>, 'cudagraph_num_of_warmups': 1, 'cudagraph_capture_sizes': [1, 2, 4, 8, 16, 24, 32, 40, 48, 56, 64, 72, 80, 88, 96, 104, 112, 120, 128, 136, 144, 152, 160, 168, 176, 184, 192, 200, 208, 216, 224, 232, 240, 248, 256, 272, 288, 304, 320, 336, 352, 368, 384, 400, 416, 432, 448, 464, 480, 496, 512], 'cudagraph_copy_inputs': False, 'cudagraph_specialize_lora': True, 'use_inductor_graph_partition': False, 'pass_config': {'fuse_norm_quant': False, 'fuse_act_quant': False, 'fuse_attn_quant': False, 'eliminate_noops': True, 'enable_sp': False, 'fuse_gemm_comms': False, 'fuse_allreduce_rms': False}, 'max_cudagraph_capture_size': 512, 'dynamic_shapes_config': {'type': <DynamicShapesType.BACKED: 'backed'>, 'evaluate_guards': False, 'assume_32_bit_indexing': True}, 'local_cache_dir': None}
[0;36m(EngineCore_DP0 pid=299258)[0;0m INFO 01-22 15:58:43 [parallel_state.py:1214] world_size=1 rank=0 local_rank=0 distributed_init_method=tcp://103.248.57.11:50079 backend=nccl
[0;36m(EngineCore_DP0 pid=299258)[0;0m INFO 01-22 15:58:43 [parallel_state.py:1425] rank 0 in world size 1 is assigned as DP rank 0, PP rank 0, PCP rank 0, TP rank 0, EP rank 0
[0;36m(EngineCore_DP0 pid=299258)[0;0m INFO 01-22 15:58:43 [gpu_model_runner.py:3808] Starting to load model /mnt/parallel/models/Qwen3-30B-A3B-Instruct-2507...
[0;36m(EngineCore_DP0 pid=299258)[0;0m INFO 01-22 15:58:44 [cuda.py:351] Using FLASH_ATTN attention backend out of potential backends: ('FLASH_ATTN', 'FLASHINFER', 'TRITON_ATTN', 'FLEX_ATTENTION')
[0;36m(EngineCore_DP0 pid=299258)[0;0m Loading safetensors checkpoint shards:   0% Completed | 0/16 [00:00<?, ?it/s]
[0;36m(EngineCore_DP0 pid=299258)[0;0m Loading safetensors checkpoint shards:   6% Completed | 1/16 [00:00<00:14,  1.03it/s]
[0;36m(EngineCore_DP0 pid=299258)[0;0m Loading safetensors checkpoint shards:  12% Completed | 2/16 [00:02<00:14,  1.07s/it]
[0;36m(EngineCore_DP0 pid=299258)[0;0m Loading safetensors checkpoint shards:  19% Completed | 3/16 [00:03<00:14,  1.09s/it]
[0;36m(EngineCore_DP0 pid=299258)[0;0m Loading safetensors checkpoint shards:  25% Completed | 4/16 [00:04<00:13,  1.11s/it]
[0;36m(EngineCore_DP0 pid=299258)[0;0m Loading safetensors checkpoint shards:  31% Completed | 5/16 [00:05<00:12,  1.11s/it]
[0;36m(EngineCore_DP0 pid=299258)[0;0m Loading safetensors checkpoint shards:  38% Completed | 6/16 [00:06<00:11,  1.13s/it]
[0;36m(EngineCore_DP0 pid=299258)[0;0m Loading safetensors checkpoint shards:  44% Completed | 7/16 [00:07<00:10,  1.13s/it]
[0;36m(EngineCore_DP0 pid=299258)[0;0m Loading safetensors checkpoint shards:  50% Completed | 8/16 [00:08<00:08,  1.12s/it]
[0;36m(EngineCore_DP0 pid=299258)[0;0m Loading safetensors checkpoint shards:  56% Completed | 9/16 [00:09<00:07,  1.10s/it]
[0;36m(EngineCore_DP0 pid=299258)[0;0m Loading safetensors checkpoint shards:  62% Completed | 10/16 [00:11<00:06,  1.10s/it]
[0;36m(EngineCore_DP0 pid=299258)[0;0m Loading safetensors checkpoint shards:  69% Completed | 11/16 [00:12<00:05,  1.10s/it]
[0;36m(EngineCore_DP0 pid=299258)[0;0m Loading safetensors checkpoint shards:  75% Completed | 12/16 [00:13<00:04,  1.09s/it]
[0;36m(EngineCore_DP0 pid=299258)[0;0m Loading safetensors checkpoint shards:  81% Completed | 13/16 [00:14<00:03,  1.09s/it]
[0;36m(EngineCore_DP0 pid=299258)[0;0m Loading safetensors checkpoint shards:  88% Completed | 14/16 [00:15<00:02,  1.08s/it]
[0;36m(EngineCore_DP0 pid=299258)[0;0m Loading safetensors checkpoint shards:  94% Completed | 15/16 [00:16<00:01,  1.06s/it]
[0;36m(EngineCore_DP0 pid=299258)[0;0m Loading safetensors checkpoint shards: 100% Completed | 16/16 [00:16<00:00,  1.18it/s]
[0;36m(EngineCore_DP0 pid=299258)[0;0m Loading safetensors checkpoint shards: 100% Completed | 16/16 [00:16<00:00,  1.04s/it]
[0;36m(EngineCore_DP0 pid=299258)[0;0m 
[0;36m(EngineCore_DP0 pid=299258)[0;0m INFO 01-22 15:59:01 [default_loader.py:291] Loading weights took 16.72 seconds
[0;36m(EngineCore_DP0 pid=299258)[0;0m INFO 01-22 15:59:01 [gpu_model_runner.py:3905] Model loading took 56.93 GiB memory and 17.162788 seconds
[0;36m(EngineCore_DP0 pid=299258)[0;0m INFO 01-22 15:59:10 [backends.py:644] Using cache directory: /data/lingyu.li/.cache/vllm/torch_compile_cache/90c4b3e3f0/rank_0_0/backbone for vLLM's torch.compile
[0;36m(EngineCore_DP0 pid=299258)[0;0m INFO 01-22 15:59:10 [backends.py:704] Dynamo bytecode transform time: 8.86 s
[0;36m(EngineCore_DP0 pid=299258)[0;0m INFO 01-22 15:59:16 [backends.py:261] Cache the graph of compile range (1, 16384) for later use
[0;36m(EngineCore_DP0 pid=299258)[0;0m INFO 01-22 15:59:16 [fused_moe.py:1077] Using configuration from /mnt/parallel/Qwen_30B_try/lingyu/lib/python3.12/site-packages/vllm/model_executor/layers/fused_moe/configs/E=128,N=768,device_name=NVIDIA_H200.json for MoE layer.
[0;36m(EngineCore_DP0 pid=299258)[0;0m INFO 01-22 15:59:56 [backends.py:278] Compiling a graph for compile range (1, 16384) takes 39.86 s
[0;36m(EngineCore_DP0 pid=299258)[0;0m INFO 01-22 15:59:56 [monitor.py:34] torch.compile takes 48.71 s in total
[0;36m(EngineCore_DP0 pid=299258)[0;0m INFO 01-22 15:59:57 [gpu_worker.py:358] Available KV cache memory: 55.15 GiB
[0;36m(EngineCore_DP0 pid=299258)[0;0m INFO 01-22 15:59:58 [kv_cache_utils.py:1305] GPU KV cache size: 602,384 tokens
[0;36m(EngineCore_DP0 pid=299258)[0;0m INFO 01-22 15:59:58 [kv_cache_utils.py:1310] Maximum concurrency for 2,048 tokens per request: 294.13x
[0;36m(EngineCore_DP0 pid=299258)[0;0m Capturing CUDA graphs (mixed prefill-decode, PIECEWISE):   0%|          | 0/51 [00:00<?, ?it/s]Capturing CUDA graphs (mixed prefill-decode, PIECEWISE):   2%|â–         | 1/51 [00:00<00:34,  1.44it/s]Capturing CUDA graphs (mixed prefill-decode, PIECEWISE):   6%|â–Œ         | 3/51 [00:00<00:12,  3.93it/s]Capturing CUDA graphs (mixed prefill-decode, PIECEWISE):  10%|â–‰         | 5/51 [00:01<00:08,  5.68it/s]Capturing CUDA graphs (mixed prefill-decode, PIECEWISE):  12%|â–ˆâ–        | 6/51 [00:01<00:07,  6.23it/s]Capturing CUDA graphs (mixed prefill-decode, PIECEWISE):  16%|â–ˆâ–Œ        | 8/51 [00:01<00:05,  7.53it/s]Capturing CUDA graphs (mixed prefill-decode, PIECEWISE):  18%|â–ˆâ–Š        | 9/51 [00:02<00:15,  2.67it/s]Capturing CUDA graphs (mixed prefill-decode, PIECEWISE):  20%|â–ˆâ–‰        | 10/51 [00:02<00:12,  3.24it/s]Capturing CUDA graphs (mixed prefill-decode, PIECEWISE):  24%|â–ˆâ–ˆâ–       | 12/51 [00:02<00:08,  4.54it/s]Capturing CUDA graphs (mixed prefill-decode, PIECEWISE):  27%|â–ˆâ–ˆâ–‹       | 14/51 [00:03<00:06,  5.63it/s]Capturing CUDA graphs (mixed prefill-decode, PIECEWISE):  29%|â–ˆâ–ˆâ–‰       | 15/51 [00:03<00:05,  6.09it/s]Capturing CUDA graphs (mixed prefill-decode, PIECEWISE):  33%|â–ˆâ–ˆâ–ˆâ–      | 17/51 [00:03<00:04,  7.11it/s]Capturing CUDA graphs (mixed prefill-decode, PIECEWISE):  37%|â–ˆâ–ˆâ–ˆâ–‹      | 19/51 [00:03<00:04,  7.90it/s]Capturing CUDA graphs (mixed prefill-decode, PIECEWISE):  39%|â–ˆâ–ˆâ–ˆâ–‰      | 20/51 [00:03<00:03,  8.18it/s]Capturing CUDA graphs (mixed prefill-decode, PIECEWISE):  43%|â–ˆâ–ˆâ–ˆâ–ˆâ–     | 22/51 [00:03<00:03,  8.75it/s]Capturing CUDA graphs (mixed prefill-decode, PIECEWISE):  45%|â–ˆâ–ˆâ–ˆâ–ˆâ–Œ     | 23/51 [00:04<00:03,  8.96it/s]Capturing CUDA graphs (mixed prefill-decode, PIECEWISE):  47%|â–ˆâ–ˆâ–ˆâ–ˆâ–‹     | 24/51 [00:04<00:03,  8.94it/s]Capturing CUDA graphs (mixed prefill-decode, PIECEWISE):  49%|â–ˆâ–ˆâ–ˆâ–ˆâ–‰     | 25/51 [00:04<00:06,  4.13it/s]Capturing CUDA graphs (mixed prefill-decode, PIECEWISE):  53%|â–ˆâ–ˆâ–ˆâ–ˆâ–ˆâ–    | 27/51 [00:04<00:04,  5.46it/s]Capturing CUDA graphs (mixed prefill-decode, PIECEWISE):  55%|â–ˆâ–ˆâ–ˆâ–ˆâ–ˆâ–    | 28/51 [00:05<00:03,  5.91it/s]Capturing CUDA graphs (mixed prefill-decode, PIECEWISE):  57%|â–ˆâ–ˆâ–ˆâ–ˆâ–ˆâ–‹    | 29/51 [00:05<00:03,  6.48it/s]Capturing CUDA graphs (mixed prefill-decode, PIECEWISE):  59%|â–ˆâ–ˆâ–ˆâ–ˆâ–ˆâ–‰    | 30/51 [00:05<00:02,  7.06it/s]Capturing CUDA graphs (mixed prefill-decode, PIECEWISE):  61%|â–ˆâ–ˆâ–ˆâ–ˆâ–ˆâ–ˆ    | 31/51 [00:05<00:02,  7.63it/s]Capturing CUDA graphs (mixed prefill-decode, PIECEWISE):  65%|â–ˆâ–ˆâ–ˆâ–ˆâ–ˆâ–ˆâ–   | 33/51 [00:05<00:02,  8.35it/s]Capturing CUDA graphs (mixed prefill-decode, PIECEWISE):  67%|â–ˆâ–ˆâ–ˆâ–ˆâ–ˆâ–ˆâ–‹   | 34/51 [00:05<00:01,  8.57it/s]Capturing CUDA graphs (mixed prefill-decode, PIECEWISE):  69%|â–ˆâ–ˆâ–ˆâ–ˆâ–ˆâ–ˆâ–Š   | 35/51 [00:05<00:01,  8.82it/s]Capturing CUDA graphs (mixed prefill-decode, PIECEWISE):  71%|â–ˆâ–ˆâ–ˆâ–ˆâ–ˆâ–ˆâ–ˆ   | 36/51 [00:05<00:01,  8.74it/s]Capturing CUDA graphs (mixed prefill-decode, PIECEWISE):  73%|â–ˆâ–ˆâ–ˆâ–ˆâ–ˆâ–ˆâ–ˆâ–  | 37/51 [00:06<00:01,  8.77it/s]Capturing CUDA graphs (mixed prefill-decode, PIECEWISE):  75%|â–ˆâ–ˆâ–ˆâ–ˆâ–ˆâ–ˆâ–ˆâ–  | 38/51 [00:06<00:01,  8.94it/s]Capturing CUDA graphs (mixed prefill-decode, PIECEWISE):  76%|â–ˆâ–ˆâ–ˆâ–ˆâ–ˆâ–ˆâ–ˆâ–‹  | 39/51 [00:06<00:03,  3.73it/s]Capturing CUDA graphs (mixed prefill-decode, PIECEWISE):  78%|â–ˆâ–ˆâ–ˆâ–ˆâ–ˆâ–ˆâ–ˆâ–Š  | 40/51 [00:06<00:02,  4.54it/s]Capturing CUDA graphs (mixed prefill-decode, PIECEWISE):  80%|â–ˆâ–ˆâ–ˆâ–ˆâ–ˆâ–ˆâ–ˆâ–ˆ  | 41/51 [00:07<00:01,  5.23it/s]Capturing CUDA graphs (mixed prefill-decode, PIECEWISE):  82%|â–ˆâ–ˆâ–ˆâ–ˆâ–ˆâ–ˆâ–ˆâ–ˆâ– | 42/51 [00:07<00:03,  2.91it/s]Capturing CUDA graphs (mixed prefill-decode, PIECEWISE):  84%|â–ˆâ–ˆâ–ˆâ–ˆâ–ˆâ–ˆâ–ˆâ–ˆâ– | 43/51 [00:07<00:02,  3.68it/s]Capturing CUDA graphs (mixed prefill-decode, PIECEWISE):  86%|â–ˆâ–ˆâ–ˆâ–ˆâ–ˆâ–ˆâ–ˆâ–ˆâ–‹ | 44/51 [00:08<00:02,  2.83it/s]Capturing CUDA graphs (mixed prefill-decode, PIECEWISE):  88%|â–ˆâ–ˆâ–ˆâ–ˆâ–ˆâ–ˆâ–ˆâ–ˆâ–Š | 45/51 [00:08<00:01,  3.50it/s]Capturing CUDA graphs (mixed prefill-decode, PIECEWISE):  90%|â–ˆâ–ˆâ–ˆâ–ˆâ–ˆâ–ˆâ–ˆâ–ˆâ–ˆ | 46/51 [00:09<00:01,  2.63it/s]Capturing CUDA graphs (mixed prefill-decode, PIECEWISE):  92%|â–ˆâ–ˆâ–ˆâ–ˆâ–ˆâ–ˆâ–ˆâ–ˆâ–ˆâ–| 47/51 [00:09<00:01,  2.13it/s]Capturing CUDA graphs (mixed prefill-decode, PIECEWISE):  94%|â–ˆâ–ˆâ–ˆâ–ˆâ–ˆâ–ˆâ–ˆâ–ˆâ–ˆâ–| 48/51 [00:10<00:01,  2.00it/s]Capturing CUDA graphs (mixed prefill-decode, PIECEWISE):  96%|â–ˆâ–ˆâ–ˆâ–ˆâ–ˆâ–ˆâ–ˆâ–ˆâ–ˆâ–Œ| 49/51 [00:10<00:00,  2.62it/s]Capturing CUDA graphs (mixed prefill-decode, PIECEWISE):  98%|â–ˆâ–ˆâ–ˆâ–ˆâ–ˆâ–ˆâ–ˆâ–ˆâ–ˆâ–Š| 50/51 [00:10<00:00,  2.41it/s]Capturing CUDA graphs (mixed prefill-decode, PIECEWISE): 100%|â–ˆâ–ˆâ–ˆâ–ˆâ–ˆâ–ˆâ–ˆâ–ˆâ–ˆâ–ˆ| 51/51 [00:11<00:00,  2.59it/s]Capturing CUDA graphs (mixed prefill-decode, PIECEWISE): 100%|â–ˆâ–ˆâ–ˆâ–ˆâ–ˆâ–ˆâ–ˆâ–ˆâ–ˆâ–ˆ| 51/51 [00:11<00:00,  4.52it/s]
[0;36m(EngineCore_DP0 pid=299258)[0;0m Capturing CUDA graphs (decode, FULL):   0%|          | 0/51 [00:00<?, ?it/s]Capturing CUDA graphs (decode, FULL):   2%|â–         | 1/51 [00:00<00:05,  9.35it/s]Capturing CUDA graphs (decode, FULL):   6%|â–Œ         | 3/51 [00:00<00:04, 10.62it/s]Capturing CUDA graphs (decode, FULL):  10%|â–‰         | 5/51 [00:00<00:04, 11.15it/s]Capturing CUDA graphs (decode, FULL):  14%|â–ˆâ–        | 7/51 [00:00<00:03, 11.35it/s]Capturing CUDA graphs (decode, FULL):  18%|â–ˆâ–Š        | 9/51 [00:00<00:03, 10.92it/s]Capturing CUDA graphs (decode, FULL):  22%|â–ˆâ–ˆâ–       | 11/51 [00:00<00:03, 11.11it/s]Capturing CUDA graphs (decode, FULL):  25%|â–ˆâ–ˆâ–Œ       | 13/51 [00:01<00:03, 11.40it/s]Capturing CUDA graphs (decode, FULL):  29%|â–ˆâ–ˆâ–‰       | 15/51 [00:01<00:03, 11.51it/s]Capturing CUDA graphs (decode, FULL):  33%|â–ˆâ–ˆâ–ˆâ–      | 17/51 [00:01<00:02, 11.66it/s]Capturing CUDA graphs (decode, FULL):  37%|â–ˆâ–ˆâ–ˆâ–‹      | 19/51 [00:01<00:02, 11.70it/s]Capturing CUDA graphs (decode, FULL):  41%|â–ˆâ–ˆâ–ˆâ–ˆ      | 21/51 [00:01<00:02, 11.63it/s]Capturing CUDA graphs (decode, FULL):  45%|â–ˆâ–ˆâ–ˆâ–ˆâ–Œ     | 23/51 [00:02<00:02, 11.52it/s]Capturing CUDA graphs (decode, FULL):  49%|â–ˆâ–ˆâ–ˆâ–ˆâ–‰     | 25/51 [00:02<00:02, 11.59it/s]Capturing CUDA graphs (decode, FULL):  53%|â–ˆâ–ˆâ–ˆâ–ˆâ–ˆâ–    | 27/51 [00:02<00:02, 11.60it/s]Capturing CUDA graphs (decode, FULL):  57%|â–ˆâ–ˆâ–ˆâ–ˆâ–ˆâ–‹    | 29/51 [00:02<00:01, 11.69it/s]Capturing CUDA graphs (decode, FULL):  61%|â–ˆâ–ˆâ–ˆâ–ˆâ–ˆâ–ˆ    | 31/51 [00:02<00:01, 11.78it/s]Capturing CUDA graphs (decode, FULL):  65%|â–ˆâ–ˆâ–ˆâ–ˆâ–ˆâ–ˆâ–   | 33/51 [00:02<00:01, 11.59it/s]Capturing CUDA graphs (decode, FULL):  69%|â–ˆâ–ˆâ–ˆâ–ˆâ–ˆâ–ˆâ–Š   | 35/51 [00:03<00:01, 10.89it/s]Capturing CUDA graphs (decode, FULL):  73%|â–ˆâ–ˆâ–ˆâ–ˆâ–ˆâ–ˆâ–ˆâ–  | 37/51 [00:03<00:01, 10.95it/s]Capturing CUDA graphs (decode, FULL):  76%|â–ˆâ–ˆâ–ˆâ–ˆâ–ˆâ–ˆâ–ˆâ–‹  | 39/51 [00:03<00:01, 11.12it/s]Capturing CUDA graphs (decode, FULL):  80%|â–ˆâ–ˆâ–ˆâ–ˆâ–ˆâ–ˆâ–ˆâ–ˆ  | 41/51 [00:03<00:00, 11.31it/s]Capturing CUDA graphs (decode, FULL):  84%|â–ˆâ–ˆâ–ˆâ–ˆâ–ˆâ–ˆâ–ˆâ–ˆâ– | 43/51 [00:03<00:00, 11.20it/s]Capturing CUDA graphs (decode, FULL):  88%|â–ˆâ–ˆâ–ˆâ–ˆâ–ˆâ–ˆâ–ˆâ–ˆâ–Š | 45/51 [00:03<00:00, 11.23it/s]Capturing CUDA graphs (decode, FULL):  92%|â–ˆâ–ˆâ–ˆâ–ˆâ–ˆâ–ˆâ–ˆâ–ˆâ–ˆâ–| 47/51 [00:04<00:00, 11.39it/s]Capturing CUDA graphs (decode, FULL):  96%|â–ˆâ–ˆâ–ˆâ–ˆâ–ˆâ–ˆâ–ˆâ–ˆâ–ˆâ–Œ| 49/51 [00:04<00:00, 11.50it/s]Capturing CUDA graphs (decode, FULL): 100%|â–ˆâ–ˆâ–ˆâ–ˆâ–ˆâ–ˆâ–ˆâ–ˆâ–ˆâ–ˆ| 51/51 [00:04<00:00, 11.63it/s]Capturing CUDA graphs (decode, FULL): 100%|â–ˆâ–ˆâ–ˆâ–ˆâ–ˆâ–ˆâ–ˆâ–ˆâ–ˆâ–ˆ| 51/51 [00:04<00:00, 11.39it/s]
[0;36m(EngineCore_DP0 pid=299258)[0;0m INFO 01-22 16:00:14 [gpu_model_runner.py:4856] Graph capturing finished in 17 secs, took 1.48 GiB
[0;36m(EngineCore_DP0 pid=299258)[0;0m INFO 01-22 16:00:14 [core.py:273] init engine (profile, create kv cache, warmup model) took 73.17 seconds
[0;36m(EngineCore_DP0 pid=299258)[0;0m INFO 01-22 16:00:15 [vllm.py:630] Asynchronous scheduling is enabled.
INFO 01-22 16:00:15 [llm.py:347] Supported tasks: ['generate']
âœ“ vLLM å¼•æ“åŠ è½½æˆåŠŸ
  ä½¿ç”¨å• GPU æ¨¡å¼ï¼Œç›®æ ‡è®¾å¤‡: cuda:0
  ä½¿ç”¨æ•°æ®ç±»å‹: bfloat16
  ä½¿ç”¨ device_map åŠ è½½å¤±è´¥: cannot access local variable 'model_files' where it is not associated with a value
  å°è¯•ä½¿ç”¨ä¼ ç»Ÿæ–¹å¼åŠ è½½...
Traceback (most recent call last):
  File "/mnt/parallel/Qwen_30B_try/improvement_3/inference.py", line 1378, in process_scenario
    if model_files['has_pytorch']:
       ^^^^^^^^^^^
UnboundLocalError: cannot access local variable 'model_files' where it is not associated with a value

During handling of the above exception, another exception occurred:

Traceback (most recent call last):
  File "/mnt/parallel/Qwen_30B_try/improvement_3/inference.py", line 1503, in process_scenario
    if model_files['has_pytorch']:
       ^^^^^^^^^^^
UnboundLocalError: cannot access local variable 'model_files' where it is not associated with a value

During handling of the above exception, another exception occurred:

Traceback (most recent call last):
  File "/mnt/parallel/Qwen_30B_try/improvement_3/inference.py", line 2012, in <module>
    main()
  File "/mnt/parallel/Qwen_30B_try/improvement_3/inference.py", line 1985, in main
    process_scenario(
  File "/mnt/parallel/Qwen_30B_try/improvement_3/inference.py", line 1563, in process_scenario
    - Safetensors æ–‡ä»¶: {len(model_files['safetensors_files'])} ä¸ª
                             ^^^^^^^^^^^
UnboundLocalError: cannot access local variable 'model_files' where it is not associated with a value
[rank0]:[W122 16:00:16.316352659 ProcessGroupNCCL.cpp:1524] Warning: WARNING: destroy_process_group() was not called before program exit, which can leak resources. For more info, please see https://pytorch.org/docs/stable/distributed.html#shutdown (function operator())
ERROR 01-22 16:00:16 [core_client.py:610] Engine core proc EngineCore_DP0 died unexpectedly, shutting down client.
